
┌───────────────────────────────────────────────────────────────────────────────────────────────────────┐
│                                                                                                       │
│                                                                                                       │
│                                                                              ⢀⠔⠁                      │
│                                                                            ⣠⡞⠁                        │
│                                              ⣀⣀⣤⣤⣤⣤⣤⣤⣤⣤⣤⣤⣀⣀⣀⣀⣀⣀⣀⣤⣤⡴⠒    ⢀⣠⡾⠋                          │
│                                         ⢀⣤⣶⣾88888888888888888888⠿⠋    ⢀⣴8⡟⠁                           │
│                                      ⢀⣤⣾88888⡿⠿⠛⠛⠛⠛⠛⠛⠛⠛⠻⠿88888⠟⠁    ⣠⣾88⡟                             │
│                                    ⢀⣴88888⠟⠋⠁ ⣀⣤⠤⠶⠶⠶⠶⠶⠤⣤⣀ ⠉⠉⠉    ⢀⣴⣾888⡟                              │
│                                   ⣠88888⠋  ⣠⠶⠋⠉         ⠉⠙⠶⣄   ⢀⣴888888⠃                              │
│                                  ⣰8888⡟⠁ ⣰⠟⠁               ⠈⠻⣆ ⠈⢿888888                               │
│                                 ⢠8888⡟  ⡼⠁                   ⠈⢧ ⠈⢿8888⡿                               │
│                                 ⣼8888⠁ ⢸⠇                     ⠸⡇ ⠘8888⣷                               │
│                                 88888  8                       8  88888                               │
│                                 ⢿8888⡄ ⢸⡆                     ⢰⡇ ⢀8888⡟                               │
│                                 ⣾8888⣷⡀ ⢳⡀                   ⢀⡞  ⣼8888⠃                               │
│                                 888888⣷⡀ ⠹⣦⡀               ⢀⣴⠏ ⢀⣼8888⠏                                │
│                                ⢠888888⠟⠁   ⠙⠶⣄⣀         ⣀⣠⠶⠋  ⣠88888⠋                                 │
│                                ⣼888⡿⠟⠁    ⣀⣀⣀ ⠉⠛⠒⠶⠶⠶⠶⠶⠒⠛⠉ ⢀⣠⣴88888⠟⠁                                  │
│                               ⣼88⡿⠋    ⢀⣴88888⣶⣦⣤⣤⣤⣤⣤⣤⣤⣤⣶⣾88888⡿⠛⠁                                    │
│                             ⢀⣼8⠟⠁    ⣠⣶88888888888888888888⡿⠿⠛⠁                                       │
│                            ⣠⡾⠋⠁    ⠤⠞⠛⠛⠉⠉⠉⠉⠉⠉⠉⠛⠛⠛⠛⠛⠛⠛⠛⠛⠛⠉⠉                                            │
│                          ⢀⡼⠋                                                                          │
│                        ⢀⠔⠁                                                                            │
│                                                                                                       │
│                                                                                                       │
│  .d8888b.                                     888    d8b                        8888888b.  888888b.   │
│ d88P  Y88b                                    888    Y8P                        888  "Y88b 888  "88b  │
│ Y88b.                                         888                               888    888 888  .88P  │
│  "Y888b.   88888b.   8888b.   .d8888b .d88b.  888888 888 88888b.d88b.   .d88b.  888    888 8888888K.  │
│     "Y88b. 888 "88b     "88b d88P"   d8P  Y8b 888    888 888 "888 "88b d8P  Y8b 888    888 888  "Y88b │
│       "888 888  888 .d888888 888     88888888 888    888 888  888  888 88888888 888    888 888    888 │
│ Y88b  d88P 888 d88P 888  888 Y88b.   Y8b.     Y88b.  888 888  888  888 Y8b.     888  .d88P 888   d88P │
│  "Y8888P"  88888P"  "Y888888  "Y8888P "Y8888   "Y888 888 888  888  888  "Y8888  8888888P"  8888888P"  │
│            888                                                                                        │
│            888                                                                                        │
│            888                                                                                        │
│                                  "Multiplayer at the speed of light"                                  │
└───────────────────────────────────────────────────────────────────────────────────────────────────────┘
    
spacetimedb-standalone version: 2.0.2
spacetimedb-standalone path: /Users/julian/.local/share/spacetime/bin/current/spacetimedb-standalone
database running in data directory /Users/julian/.local/share/spacetime/data
[1;33mwarning[0m[1m:[0m [1msome trace filter directives would enable traces that are disabled statically[0m
 [1;38;5;21m|[0m `spacetimedb=debug` would enable the DEBUG level for the `spacetimedb` target
 [1;38;5;21m|[0m `spacetimedb_client_api=debug` would enable the DEBUG level for the `spacetimedb_client_api` target
 [1;38;5;21m|[0m `spacetimedb_lib=debug` would enable the DEBUG level for the `spacetimedb_lib` target
 [1;38;5;21m|[0m `spacetimedb_standalone=debug` would enable the DEBUG level for the `spacetimedb_standalone` target
 [1;38;5;21m|[0m `spacetimedb_commitlog=info` would enable the INFO level for the `spacetimedb_commitlog` target
 [1;38;5;21m|[0m `spacetimedb_durability=info` would enable the INFO level for the `spacetimedb_durability` target
 [1;38;5;21m|[0m `axum::rejection=trace` would enable the TRACE level for the `axum::rejection` target
 [1;38;5;21m=[0m [1mnote:[0m the static max level is `off`
 [1;38;5;21m=[0m [1mhelp:[0m to enable logging, remove the `max_level_off` feature from the `tracing` crate
[2m2026-03-01T04:28:37.954615Z[0m [32m INFO[0m [2m/Users/runner/work/SpacetimeDB/SpacetimeDB/crates/standalone/src/subcommands/start.rs[0m[2m:[0m[2m251[0m[2m:[0m Starting SpacetimeDB listening on 0.0.0.0:3000
[2m2026-03-01T04:28:37.954980Z[0m [33m WARN[0m [2m/Users/runner/work/SpacetimeDB/SpacetimeDB/crates/standalone/src/subcommands/start.rs[0m[2m:[0m[2m272[0m[2m:[0m PostgreSQL wire protocol server disabled
[2m2026-03-01T04:28:38.011707Z[0m [32m INFO[0m [2m/Users/runner/work/SpacetimeDB/SpacetimeDB/crates/durability/src/imp/local.rs[0m[2m:[0m[2m110[0m[2m:[0m open local durability
[2m2026-03-01T04:28:38.013169Z[0m [32m INFO[0m [2m/Users/runner/work/SpacetimeDB/SpacetimeDB/crates/durability/src/imp/local.rs[0m[2m:[0m[2m207[0m[2m:[0m starting durability actor
[2m2026-03-01T04:28:38.013450Z[0m [32m INFO[0m [2m/Users/runner/work/SpacetimeDB/SpacetimeDB/crates/core/src/db/relational_db.rs[0m[2m:[0m[2m281[0m[2m:[0m [c2007354cbec693eeb8b0619abe0ba6207975489269c76378eb8240939bcf5a1] DATABASE: durable_tx_offset is Some(4437)
[2m2026-03-01T04:28:38.013660Z[0m [32m INFO[0m [2mcrates/core/src/db/relational_db.rs[0m[2m:[0m[2m490[0m[2m:[0m [c2007354cbec693eeb8b0619abe0ba6207975489269c76378eb8240939bcf5a1] DATABASE: restoring snapshot of tx_offset 0
[2m2026-03-01T04:28:38.052333Z[0m [32m INFO[0m [2mcrates/core/src/db/relational_db.rs[0m[2m:[0m[2m504[0m[2m:[0m [c2007354cbec693eeb8b0619abe0ba6207975489269c76378eb8240939bcf5a1] DATABASE: read snapshot of tx_offset 0 in 38.641916ms
[2m2026-03-01T04:28:38.057784Z[0m [32m INFO[0m [2mcrates/core/src/db/relational_db.rs[0m[2m:[0m[2m525[0m[2m:[0m [c2007354cbec693eeb8b0619abe0ba6207975489269c76378eb8240939bcf5a1] DATABASE: restored from snapshot of tx_offset 0 in 4.527541ms
[2m2026-03-01T04:28:38.057845Z[0m [32m INFO[0m [2m/Users/runner/work/SpacetimeDB/SpacetimeDB/crates/core/src/db/relational_db.rs[0m[2m:[0m[2m1677[0m[2m:[0m [c2007354cbec693eeb8b0619abe0ba6207975489269c76378eb8240939bcf5a1] DATABASE: applying transaction history...
[2m2026-03-01T04:28:38.083888Z[0m [32m INFO[0m [2m/Users/runner/work/SpacetimeDB/SpacetimeDB/crates/core/src/db/relational_db.rs[0m[2m:[0m[2m1691[0m[2m:[0m [c2007354cbec693eeb8b0619abe0ba6207975489269c76378eb8240939bcf5a1] Loaded 10% (444/4437)
[2m2026-03-01T04:28:38.119709Z[0m [32m INFO[0m [2m/Users/runner/work/SpacetimeDB/SpacetimeDB/crates/core/src/db/relational_db.rs[0m[2m:[0m[2m1691[0m[2m:[0m [c2007354cbec693eeb8b0619abe0ba6207975489269c76378eb8240939bcf5a1] Loaded 20% (888/4437)
[2m2026-03-01T04:28:38.171284Z[0m [32m INFO[0m [2m/Users/runner/work/SpacetimeDB/SpacetimeDB/crates/core/src/db/relational_db.rs[0m[2m:[0m[2m1691[0m[2m:[0m [c2007354cbec693eeb8b0619abe0ba6207975489269c76378eb8240939bcf5a1] Loaded 30% (1332/4437)
[2m2026-03-01T04:28:38.203606Z[0m [32m INFO[0m [2m/Users/runner/work/SpacetimeDB/SpacetimeDB/crates/core/src/db/relational_db.rs[0m[2m:[0m[2m1691[0m[2m:[0m [c2007354cbec693eeb8b0619abe0ba6207975489269c76378eb8240939bcf5a1] Loaded 40% (1775/4437)
[2m2026-03-01T04:28:38.229081Z[0m [32m INFO[0m [2m/Users/runner/work/SpacetimeDB/SpacetimeDB/crates/core/src/db/relational_db.rs[0m[2m:[0m[2m1691[0m[2m:[0m [c2007354cbec693eeb8b0619abe0ba6207975489269c76378eb8240939bcf5a1] Loaded 50% (2219/4437)
[2m2026-03-01T04:28:38.262798Z[0m [32m INFO[0m [2m/Users/runner/work/SpacetimeDB/SpacetimeDB/crates/core/src/db/relational_db.rs[0m[2m:[0m[2m1691[0m[2m:[0m [c2007354cbec693eeb8b0619abe0ba6207975489269c76378eb8240939bcf5a1] Loaded 60% (2663/4437)
[2m2026-03-01T04:28:38.304328Z[0m [32m INFO[0m [2m/Users/runner/work/SpacetimeDB/SpacetimeDB/crates/core/src/db/relational_db.rs[0m[2m:[0m[2m1691[0m[2m:[0m [c2007354cbec693eeb8b0619abe0ba6207975489269c76378eb8240939bcf5a1] Loaded 70% (3106/4437)
[2m2026-03-01T04:28:38.339564Z[0m [32m INFO[0m [2m/Users/runner/work/SpacetimeDB/SpacetimeDB/crates/core/src/db/relational_db.rs[0m[2m:[0m[2m1691[0m[2m:[0m [c2007354cbec693eeb8b0619abe0ba6207975489269c76378eb8240939bcf5a1] Loaded 80% (3550/4437)
[2m2026-03-01T04:28:38.385800Z[0m [32m INFO[0m [2m/Users/runner/work/SpacetimeDB/SpacetimeDB/crates/core/src/db/relational_db.rs[0m[2m:[0m[2m1691[0m[2m:[0m [c2007354cbec693eeb8b0619abe0ba6207975489269c76378eb8240939bcf5a1] Loaded 90% (3994/4437)
[2m2026-03-01T04:28:38.432589Z[0m [32m INFO[0m [2m/Users/runner/work/SpacetimeDB/SpacetimeDB/crates/core/src/db/relational_db.rs[0m[2m:[0m[2m1691[0m[2m:[0m [c2007354cbec693eeb8b0619abe0ba6207975489269c76378eb8240939bcf5a1] Loaded 100% (4437/4437)
[2m2026-03-01T04:28:38.432712Z[0m [32m INFO[0m [2m/Users/runner/work/SpacetimeDB/SpacetimeDB/crates/core/src/db/relational_db.rs[0m[2m:[0m[2m1725[0m[2m:[0m [c2007354cbec693eeb8b0619abe0ba6207975489269c76378eb8240939bcf5a1] DATABASE: applied transaction history
[2m2026-03-01T04:28:38.435408Z[0m [32m INFO[0m [2m/Users/runner/work/SpacetimeDB/SpacetimeDB/crates/core/src/db/relational_db.rs[0m[2m:[0m[2m1727[0m[2m:[0m [c2007354cbec693eeb8b0619abe0ba6207975489269c76378eb8240939bcf5a1] DATABASE: rebuilt state after replay
[2m2026-03-01T04:28:38.495174Z[0m [34mDEBUG[0m [2m/Users/runner/work/SpacetimeDB/SpacetimeDB/crates/client-api/src/routes/subscribe.rs[0m[2m:[0m[2m231[0m[2m:[0m websocket: New client connected from unknown ip with Identity c200f06138b82645cab8742ae4b6e08b4eda16ea5316ea340db187d8be88ff63 and ConnectionId b334d552455bccc0800080c052c07de1
[2m2026-03-01T04:28:38.495960Z[0m [32m INFO[0m [2mcrates/core/src/db/relational_db.rs[0m[2m:[0m[2m1081[0m[2m:[0m running view cleanup for database c2007354cbec693eeb8b0619abe0ba6207975489269c76378eb8240939bcf5a1
[2m2026-03-01T04:28:38.498156Z[0m [32m INFO[0m [2mcrates/core/src/db/relational_db.rs[0m[2m:[0m[2m1089[0m[2m:[0m pausing view cleanup for database c2007354cbec693eeb8b0619abe0ba6207975489269c76378eb8240939bcf5a1
[2m2026-03-01T04:28:38.497599Z[0m [34mDEBUG[0m [2m/Users/runner/work/SpacetimeDB/SpacetimeDB/crates/client-api/src/routes/subscribe.rs[0m[2m:[0m[2m241[0m[2m:[0m websocket: client_connected returned Ok for unknown ip with Identity c200f06138b82645cab8742ae4b6e08b4eda16ea5316ea340db187d8be88ff63 and ConnectionId b334d552455bccc0800080c052c07de1
[2m2026-03-01T04:28:38.498482Z[0m [34mDEBUG[0m [2m/Users/runner/work/SpacetimeDB/SpacetimeDB/crates/client-api/src/routes/subscribe.rs[0m[2m:[0m[2m256[0m[2m:[0m websocket: Database accepted connection from unknown ip with Identity c200f06138b82645cab8742ae4b6e08b4eda16ea5316ea340db187d8be88ff63 and ConnectionId b334d552455bccc0800080c052c07de1; spawning ws_client_actor and ClientConnection
[2m2026-03-01T04:28:38.511917Z[0m [34mDEBUG[0m [2m/Users/runner/work/SpacetimeDB/SpacetimeDB/crates/client-api/src/routes/subscribe.rs[0m[2m:[0m[2m231[0m[2m:[0m websocket: New client connected from unknown ip with Identity c20028237cc8c2e2f5af5d74f443fd1f8b10f4c21eb5c982bf841f78bc3ca5e3 and ConnectionId a2bdd476a3aa3f2b8ec2c8e0e8eef488
[2m2026-03-01T04:28:38.555088Z[0m [34mDEBUG[0m [2m/Users/runner/work/SpacetimeDB/SpacetimeDB/crates/client-api/src/routes/subscribe.rs[0m[2m:[0m[2m241[0m[2m:[0m websocket: client_connected returned Ok for unknown ip with Identity c20028237cc8c2e2f5af5d74f443fd1f8b10f4c21eb5c982bf841f78bc3ca5e3 and ConnectionId a2bdd476a3aa3f2b8ec2c8e0e8eef488
[2m2026-03-01T04:28:38.555141Z[0m [34mDEBUG[0m [2m/Users/runner/work/SpacetimeDB/SpacetimeDB/crates/client-api/src/routes/subscribe.rs[0m[2m:[0m[2m256[0m[2m:[0m websocket: Database accepted connection from unknown ip with Identity c20028237cc8c2e2f5af5d74f443fd1f8b10f4c21eb5c982bf841f78bc3ca5e3 and ConnectionId a2bdd476a3aa3f2b8ec2c8e0e8eef488; spawning ws_client_actor and ClientConnection
[2m2026-03-01T04:28:40.166270Z[0m [34mDEBUG[0m [2m/Users/runner/work/SpacetimeDB/SpacetimeDB/crates/client-api/src/routes/subscribe.rs[0m[2m:[0m[2m231[0m[2m:[0m websocket: New client connected from unknown ip with Identity c200d85c11bbcb6fb5bebf924dce46b4743d39ca089213eb32a97d6aca0037a8 and ConnectionId 0d11eeaf696b9c87147c78333192098f
[2m2026-03-01T04:28:40.170528Z[0m [34mDEBUG[0m [2m/Users/runner/work/SpacetimeDB/SpacetimeDB/crates/client-api/src/routes/subscribe.rs[0m[2m:[0m[2m241[0m[2m:[0m websocket: client_connected returned Ok for unknown ip with Identity c200d85c11bbcb6fb5bebf924dce46b4743d39ca089213eb32a97d6aca0037a8 and ConnectionId 0d11eeaf696b9c87147c78333192098f
[2m2026-03-01T04:28:40.170585Z[0m [34mDEBUG[0m [2m/Users/runner/work/SpacetimeDB/SpacetimeDB/crates/client-api/src/routes/subscribe.rs[0m[2m:[0m[2m256[0m[2m:[0m websocket: Database accepted connection from unknown ip with Identity c200d85c11bbcb6fb5bebf924dce46b4743d39ca089213eb32a97d6aca0037a8 and ConnectionId 0d11eeaf696b9c87147c78333192098f; spawning ws_client_actor and ClientConnection
[2m2026-03-01T04:28:40.182061Z[0m [34mDEBUG[0m [2m/Users/runner/work/SpacetimeDB/SpacetimeDB/crates/client-api/src/routes/subscribe.rs[0m[2m:[0m[2m231[0m[2m:[0m websocket: New client connected from unknown ip with Identity c2008a246e70f7bb3cc855c8f3ff9e0623a6b6f6a7b4383c9a07df3fcac04527 and ConnectionId 67a07500a7c6d1add3c224e0f6477804
[2m2026-03-01T04:28:40.186556Z[0m [34mDEBUG[0m [2m/Users/runner/work/SpacetimeDB/SpacetimeDB/crates/client-api/src/routes/subscribe.rs[0m[2m:[0m[2m241[0m[2m:[0m websocket: client_connected returned Ok for unknown ip with Identity c2008a246e70f7bb3cc855c8f3ff9e0623a6b6f6a7b4383c9a07df3fcac04527 and ConnectionId 67a07500a7c6d1add3c224e0f6477804
[2m2026-03-01T04:28:40.186686Z[0m [34mDEBUG[0m [2m/Users/runner/work/SpacetimeDB/SpacetimeDB/crates/client-api/src/routes/subscribe.rs[0m[2m:[0m[2m256[0m[2m:[0m websocket: Database accepted connection from unknown ip with Identity c2008a246e70f7bb3cc855c8f3ff9e0623a6b6f6a7b4383c9a07df3fcac04527 and ConnectionId 67a07500a7c6d1add3c224e0f6477804; spawning ws_client_actor and ClientConnection
[2m2026-03-01T04:28:41.568503Z[0m [32m INFO[0m [2m/Users/runner/work/SpacetimeDB/SpacetimeDB/crates/core/src/db/relational_db.rs[0m[2m:[0m[2m281[0m[2m:[0m [c2007354cbec693eeb8b0619abe0ba6207975489269c76378eb8240939bcf5a1] DATABASE: durable_tx_offset is None
[2m2026-03-01T04:28:41.568529Z[0m [32m INFO[0m [2mcrates/core/src/db/relational_db.rs[0m[2m:[0m[2m619[0m[2m:[0m [c2007354cbec693eeb8b0619abe0ba6207975489269c76378eb8240939bcf5a1] DATABASE: no usable snapshot on disk
[2m2026-03-01T04:28:41.568810Z[0m [32m INFO[0m [2m/Users/runner/work/SpacetimeDB/SpacetimeDB/crates/core/src/db/relational_db.rs[0m[2m:[0m[2m1677[0m[2m:[0m [c2007354cbec693eeb8b0619abe0ba6207975489269c76378eb8240939bcf5a1] DATABASE: applying transaction history...
[2m2026-03-01T04:28:41.568820Z[0m [32m INFO[0m [2m/Users/runner/work/SpacetimeDB/SpacetimeDB/crates/core/src/db/relational_db.rs[0m[2m:[0m[2m1725[0m[2m:[0m [c2007354cbec693eeb8b0619abe0ba6207975489269c76378eb8240939bcf5a1] DATABASE: applied transaction history
[2m2026-03-01T04:28:41.568942Z[0m [32m INFO[0m [2m/Users/runner/work/SpacetimeDB/SpacetimeDB/crates/core/src/db/relational_db.rs[0m[2m:[0m[2m1727[0m[2m:[0m [c2007354cbec693eeb8b0619abe0ba6207975489269c76378eb8240939bcf5a1] DATABASE: rebuilt state after replay
[2m2026-03-01T04:28:41.588466Z[0m [34mDEBUG[0m [2mcrates/core/src/host/module_host.rs[0m[2m:[0m[2m462[0m[2m:[0m init database
[2m2026-03-01T04:28:41.603524Z[0m [32m INFO[0m [2m/Users/runner/work/SpacetimeDB/SpacetimeDB/crates/core/src/host/host_controller.rs[0m[2m:[0m[2m549[0m[2m:[0m replica=2000000 database=c2007354cbec693eeb8b0619abe0ba6207975489269c76378eb8240939bcf5a1 exiting module
[2m2026-03-01T04:28:41.603561Z[0m [32m INFO[0m [2m/Users/runner/work/SpacetimeDB/SpacetimeDB/crates/core/src/host/host_controller.rs[0m[2m:[0m[2m552[0m[2m:[0m replica=2000000 database=c2007354cbec693eeb8b0619abe0ba6207975489269c76378eb8240939bcf5a1 exiting database
[2m2026-03-01T04:28:41.603579Z[0m [32m INFO[0m [2mcrates/core/src/db/durability.rs[0m[2m:[0m[2m195[0m[2m:[0m durability worker actor done
[2m2026-03-01T04:28:41.603590Z[0m [32m INFO[0m [2m/Users/runner/work/SpacetimeDB/SpacetimeDB/crates/durability/src/imp/local.rs[0m[2m:[0m[2m372[0m[2m:[0m close local durability
[2m2026-03-01T04:28:41.606976Z[0m [32m INFO[0m [2m/Users/runner/work/SpacetimeDB/SpacetimeDB/crates/durability/src/imp/local.rs[0m[2m:[0m[2m261[0m[2m:[0m exiting durability actor
[2m2026-03-01T04:28:41.608272Z[0m [32m INFO[0m [2m/Users/runner/work/SpacetimeDB/SpacetimeDB/crates/core/src/host/host_controller.rs[0m[2m:[0m[2m554[0m[2m:[0m replica=2000000 database=c2007354cbec693eeb8b0619abe0ba6207975489269c76378eb8240939bcf5a1 module host exited
[2m2026-03-01T04:28:41.608418Z[0m [32m INFO[0m [2mcrates/core/src/host/host_controller.rs[0m[2m:[0m[2m1193[0m[2m:[0m dropping host c2007354cbec693eeb8b0619abe0ba6207975489269c76378eb8240939bcf5a1/2000000
[2m2026-03-01T04:28:41.611194Z[0m [32m INFO[0m [2m/Users/runner/work/SpacetimeDB/SpacetimeDB/crates/client-api/src/routes/subscribe.rs[0m[2m:[0m[2m497[0m[2m:[0m Client connection ended: ClientActorId(c200d85c11bbcb6fb5bebf924dce46b4743d39ca089213eb32a97d6aca0037a8@0d11eeaf696b9c87147c78333192098f/2)
[2m2026-03-01T04:28:41.611217Z[0m [31mERROR[0m [2m/Users/runner/work/SpacetimeDB/SpacetimeDB/crates/core/src/host/module_host.rs[0m[2m:[0m[2m1238[0m[2m:[0m Error from client_disconnected transaction: no such module
[2m2026-03-01T04:28:41.611227Z[0m [33m WARN[0m [2m/Users/runner/work/SpacetimeDB/SpacetimeDB/crates/core/src/client/client_connection.rs[0m[2m:[0m[2m733[0m[2m:[0m websocket connection aborted for client identity `c200d85c11bbcb6fb5bebf924dce46b4743d39ca089213eb32a97d6aca0037a8` and database identity `c2007354cbec693eeb8b0619abe0ba6207975489269c76378eb8240939bcf5a1`
[2m2026-03-01T04:28:41.611231Z[0m [32m INFO[0m [2m/Users/runner/work/SpacetimeDB/SpacetimeDB/crates/client-api/src/routes/subscribe.rs[0m[2m:[0m[2m497[0m[2m:[0m Client connection ended: ClientActorId(c2008a246e70f7bb3cc855c8f3ff9e0623a6b6f6a7b4383c9a07df3fcac04527@67a07500a7c6d1add3c224e0f6477804/3)
[2m2026-03-01T04:28:41.611232Z[0m [32m INFO[0m [2m/Users/runner/work/SpacetimeDB/SpacetimeDB/crates/client-api/src/routes/subscribe.rs[0m[2m:[0m[2m497[0m[2m:[0m Client connection ended: ClientActorId(c200f06138b82645cab8742ae4b6e08b4eda16ea5316ea340db187d8be88ff63@b334d552455bccc0800080c052c07de1/0)
[2m2026-03-01T04:28:41.611253Z[0m [32m INFO[0m [2m/Users/runner/work/SpacetimeDB/SpacetimeDB/crates/client-api/src/routes/subscribe.rs[0m[2m:[0m[2m497[0m[2m:[0m Client connection ended: ClientActorId(c20028237cc8c2e2f5af5d74f443fd1f8b10f4c21eb5c982bf841f78bc3ca5e3@a2bdd476a3aa3f2b8ec2c8e0e8eef488/1)
[2m2026-03-01T04:28:41.611307Z[0m [31mERROR[0m [2m/Users/runner/work/SpacetimeDB/SpacetimeDB/crates/core/src/host/module_host.rs[0m[2m:[0m[2m1238[0m[2m:[0m Error from client_disconnected transaction: no such module
[2m2026-03-01T04:28:41.611296Z[0m [31mERROR[0m [2m/Users/runner/work/SpacetimeDB/SpacetimeDB/crates/core/src/host/module_host.rs[0m[2m:[0m[2m1238[0m[2m:[0m Error from client_disconnected transaction: no such module
[2m2026-03-01T04:28:41.611389Z[0m [31mERROR[0m [2m/Users/runner/work/SpacetimeDB/SpacetimeDB/crates/core/src/host/module_host.rs[0m[2m:[0m[2m1238[0m[2m:[0m Error from client_disconnected transaction: no such module
[2m2026-03-01T04:28:41.611433Z[0m [33m WARN[0m [2m/Users/runner/work/SpacetimeDB/SpacetimeDB/crates/core/src/client/client_connection.rs[0m[2m:[0m[2m733[0m[2m:[0m websocket connection aborted for client identity `c2008a246e70f7bb3cc855c8f3ff9e0623a6b6f6a7b4383c9a07df3fcac04527` and database identity `c2007354cbec693eeb8b0619abe0ba6207975489269c76378eb8240939bcf5a1`
[2m2026-03-01T04:28:41.611453Z[0m [33m WARN[0m [2m/Users/runner/work/SpacetimeDB/SpacetimeDB/crates/core/src/client/client_connection.rs[0m[2m:[0m[2m733[0m[2m:[0m websocket connection aborted for client identity `c200f06138b82645cab8742ae4b6e08b4eda16ea5316ea340db187d8be88ff63` and database identity `c2007354cbec693eeb8b0619abe0ba6207975489269c76378eb8240939bcf5a1`
[2m2026-03-01T04:28:41.611472Z[0m [33m WARN[0m [2m/Users/runner/work/SpacetimeDB/SpacetimeDB/crates/core/src/client/client_connection.rs[0m[2m:[0m[2m733[0m[2m:[0m websocket connection aborted for client identity `c20028237cc8c2e2f5af5d74f443fd1f8b10f4c21eb5c982bf841f78bc3ca5e3` and database identity `c2007354cbec693eeb8b0619abe0ba6207975489269c76378eb8240939bcf5a1`
[2m2026-03-01T04:28:41.612096Z[0m [32m INFO[0m [2m/Users/runner/work/SpacetimeDB/SpacetimeDB/crates/durability/src/imp/local.rs[0m[2m:[0m[2m372[0m[2m:[0m close local durability
[2m2026-03-01T04:28:41.612112Z[0m [32m INFO[0m [2mcrates/core/src/db/durability.rs[0m[2m:[0m[2m158[0m[2m:[0m [c2007354cbec693eeb8b0619abe0ba6207975489269c76378eb8240939bcf5a1] durability worker shut down at tx offset: Some(4468)
[2m2026-03-01T04:28:41.615517Z[0m [32m INFO[0m [2m/Users/runner/work/SpacetimeDB/SpacetimeDB/crates/durability/src/imp/local.rs[0m[2m:[0m[2m110[0m[2m:[0m open local durability
[2m2026-03-01T04:28:41.615716Z[0m [32m INFO[0m [2m/Users/runner/work/SpacetimeDB/SpacetimeDB/crates/durability/src/imp/local.rs[0m[2m:[0m[2m207[0m[2m:[0m starting durability actor
[2m2026-03-01T04:28:41.615727Z[0m [32m INFO[0m [2m/Users/runner/work/SpacetimeDB/SpacetimeDB/crates/core/src/db/relational_db.rs[0m[2m:[0m[2m281[0m[2m:[0m [c2007354cbec693eeb8b0619abe0ba6207975489269c76378eb8240939bcf5a1] DATABASE: durable_tx_offset is None
[2m2026-03-01T04:28:41.615742Z[0m [32m INFO[0m [2mcrates/core/src/db/relational_db.rs[0m[2m:[0m[2m619[0m[2m:[0m [c2007354cbec693eeb8b0619abe0ba6207975489269c76378eb8240939bcf5a1] DATABASE: no usable snapshot on disk
[2m2026-03-01T04:28:41.616037Z[0m [32m INFO[0m [2m/Users/runner/work/SpacetimeDB/SpacetimeDB/crates/core/src/db/relational_db.rs[0m[2m:[0m[2m1677[0m[2m:[0m [c2007354cbec693eeb8b0619abe0ba6207975489269c76378eb8240939bcf5a1] DATABASE: applying transaction history...
[2m2026-03-01T04:28:41.616089Z[0m [32m INFO[0m [2m/Users/runner/work/SpacetimeDB/SpacetimeDB/crates/core/src/db/relational_db.rs[0m[2m:[0m[2m1725[0m[2m:[0m [c2007354cbec693eeb8b0619abe0ba6207975489269c76378eb8240939bcf5a1] DATABASE: applied transaction history
[2m2026-03-01T04:28:41.616223Z[0m [32m INFO[0m [2m/Users/runner/work/SpacetimeDB/SpacetimeDB/crates/core/src/db/relational_db.rs[0m[2m:[0m[2m1727[0m[2m:[0m [c2007354cbec693eeb8b0619abe0ba6207975489269c76378eb8240939bcf5a1] DATABASE: rebuilt state after replay
[2m2026-03-01T04:28:41.641598Z[0m [34mDEBUG[0m [2mcrates/core/src/host/module_host.rs[0m[2m:[0m[2m462[0m[2m:[0m init database
[2m2026-03-01T04:28:41.647630Z[0m [32m INFO[0m [2mcrates/datastore/src/locking_tx_datastore/datastore.rs[0m[2m:[0m[2m299[0m[2m:[0m Capturing snapshot of database Identity(c2007354cbec693eeb8b0619abe0ba6207975489269c76378eb8240939bcf5a1) at TX offset 0
[2m2026-03-01T04:28:41.654946Z[0m [32m INFO[0m [2m/Users/runner/work/SpacetimeDB/SpacetimeDB/crates/snapshot/src/lib.rs[0m[2m:[0m[2m713[0m[2m:[0m [c2007354cbec693eeb8b0619abe0ba6207975489269c76378eb8240939bcf5a1] SNAPSHOT 00000000000000000000: Hardlinked 0 objects and wrote 13 objects
[2m2026-03-01T04:28:41.655043Z[0m [32m INFO[0m [2mcrates/core/src/db/snapshot.rs[0m[2m:[0m[2m234[0m[2m:[0m Captured snapshot of database c2007354cbec693eeb8b0619abe0ba6207975489269c76378eb8240939bcf5a1 at TX offset 0 in 7.423125ms
[2m2026-03-01T04:28:41.655216Z[0m [32m INFO[0m [2mcrates/core/src/db/relational_db.rs[0m[2m:[0m[2m1081[0m[2m:[0m running view cleanup for database c2007354cbec693eeb8b0619abe0ba6207975489269c76378eb8240939bcf5a1
[2m2026-03-01T04:28:41.655288Z[0m [32m INFO[0m [2mcrates/core/src/db/snapshot.rs[0m[2m:[0m[2m362[0m[2m:[0m Compressed snapshot range 0..0 of database c2007354cbec693eeb8b0619abe0ba6207975489269c76378eb8240939bcf5a1 in 218.208µs
[2m2026-03-01T04:28:41.655351Z[0m [32m INFO[0m [2mcrates/core/src/db/relational_db.rs[0m[2m:[0m[2m1089[0m[2m:[0m pausing view cleanup for database c2007354cbec693eeb8b0619abe0ba6207975489269c76378eb8240939bcf5a1
[2m2026-03-01T04:28:43.029241Z[0m [34mDEBUG[0m [2m/Users/runner/work/SpacetimeDB/SpacetimeDB/crates/client-api/src/routes/subscribe.rs[0m[2m:[0m[2m231[0m[2m:[0m websocket: New client connected from unknown ip with Identity c200bb59d0d9e5ab218f7281941d25e735766d433cb37f062099190e852e925e and ConnectionId 0190b27d68206d1903d84f658201df54
[2m2026-03-01T04:28:43.030042Z[0m [34mDEBUG[0m [2m/Users/runner/work/SpacetimeDB/SpacetimeDB/crates/client-api/src/routes/subscribe.rs[0m[2m:[0m[2m241[0m[2m:[0m websocket: client_connected returned Ok for unknown ip with Identity c200bb59d0d9e5ab218f7281941d25e735766d433cb37f062099190e852e925e and ConnectionId 0190b27d68206d1903d84f658201df54
[2m2026-03-01T04:28:43.030079Z[0m [34mDEBUG[0m [2m/Users/runner/work/SpacetimeDB/SpacetimeDB/crates/client-api/src/routes/subscribe.rs[0m[2m:[0m[2m256[0m[2m:[0m websocket: Database accepted connection from unknown ip with Identity c200bb59d0d9e5ab218f7281941d25e735766d433cb37f062099190e852e925e and ConnectionId 0190b27d68206d1903d84f658201df54; spawning ws_client_actor and ClientConnection
[2m2026-03-01T04:28:44.126842Z[0m [34mDEBUG[0m [2m/Users/runner/work/SpacetimeDB/SpacetimeDB/crates/client-api/src/routes/subscribe.rs[0m[2m:[0m[2m231[0m[2m:[0m websocket: New client connected from unknown ip with Identity c200e2530f1086ef69402062788cf91e475129ee2cde2b3b9abec9a924078151 and ConnectionId 5dbc4331d103157e44c09b6d8180a0f2
[2m2026-03-01T04:28:44.128988Z[0m [34mDEBUG[0m [2m/Users/runner/work/SpacetimeDB/SpacetimeDB/crates/client-api/src/routes/subscribe.rs[0m[2m:[0m[2m241[0m[2m:[0m websocket: client_connected returned Ok for unknown ip with Identity c200e2530f1086ef69402062788cf91e475129ee2cde2b3b9abec9a924078151 and ConnectionId 5dbc4331d103157e44c09b6d8180a0f2
[2m2026-03-01T04:28:44.129024Z[0m [34mDEBUG[0m [2m/Users/runner/work/SpacetimeDB/SpacetimeDB/crates/client-api/src/routes/subscribe.rs[0m[2m:[0m[2m256[0m[2m:[0m websocket: Database accepted connection from unknown ip with Identity c200e2530f1086ef69402062788cf91e475129ee2cde2b3b9abec9a924078151 and ConnectionId 5dbc4331d103157e44c09b6d8180a0f2; spawning ws_client_actor and ClientConnection
[2m2026-03-01T04:28:44.139936Z[0m [34mDEBUG[0m [2m/Users/runner/work/SpacetimeDB/SpacetimeDB/crates/client-api/src/routes/subscribe.rs[0m[2m:[0m[2m231[0m[2m:[0m websocket: New client connected from unknown ip with Identity c20087885f73bb554883f18d4b6a2e19c336667474f73339f395033c856d0550 and ConnectionId c7d8a2343bd1eeca75a2daf52628963a
[2m2026-03-01T04:28:44.140304Z[0m [34mDEBUG[0m [2m/Users/runner/work/SpacetimeDB/SpacetimeDB/crates/client-api/src/routes/subscribe.rs[0m[2m:[0m[2m241[0m[2m:[0m websocket: client_connected returned Ok for unknown ip with Identity c20087885f73bb554883f18d4b6a2e19c336667474f73339f395033c856d0550 and ConnectionId c7d8a2343bd1eeca75a2daf52628963a
[2m2026-03-01T04:28:44.141580Z[0m [34mDEBUG[0m [2m/Users/runner/work/SpacetimeDB/SpacetimeDB/crates/client-api/src/routes/subscribe.rs[0m[2m:[0m[2m256[0m[2m:[0m websocket: Database accepted connection from unknown ip with Identity c20087885f73bb554883f18d4b6a2e19c336667474f73339f395033c856d0550 and ConnectionId c7d8a2343bd1eeca75a2daf52628963a; spawning ws_client_actor and ClientConnection
[2m2026-03-01T04:38:41.649769Z[0m [32m INFO[0m [2mcrates/core/src/db/relational_db.rs[0m[2m:[0m[2m1081[0m[2m:[0m running view cleanup for database c2007354cbec693eeb8b0619abe0ba6207975489269c76378eb8240939bcf5a1
[2m2026-03-01T04:38:41.651468Z[0m [32m INFO[0m [2mcrates/core/src/db/relational_db.rs[0m[2m:[0m[2m1089[0m[2m:[0m pausing view cleanup for database c2007354cbec693eeb8b0619abe0ba6207975489269c76378eb8240939bcf5a1
[2m2026-03-01T04:48:41.644634Z[0m [32m INFO[0m [2mcrates/core/src/db/relational_db.rs[0m[2m:[0m[2m1081[0m[2m:[0m running view cleanup for database c2007354cbec693eeb8b0619abe0ba6207975489269c76378eb8240939bcf5a1
[2m2026-03-01T04:48:41.646583Z[0m [32m INFO[0m [2mcrates/core/src/db/relational_db.rs[0m[2m:[0m[2m1089[0m[2m:[0m pausing view cleanup for database c2007354cbec693eeb8b0619abe0ba6207975489269c76378eb8240939bcf5a1
[2m2026-03-01T04:49:34.684266Z[0m [32m INFO[0m [2m/Users/runner/work/SpacetimeDB/SpacetimeDB/crates/client-api/src/routes/subscribe.rs[0m[2m:[0m[2m497[0m[2m:[0m Client connection ended: ClientActorId(c200bb59d0d9e5ab218f7281941d25e735766d433cb37f062099190e852e925e@0190b27d68206d1903d84f658201df54/4)
[2m2026-03-01T04:49:34.720985Z[0m [33m WARN[0m [2m/Users/runner/work/SpacetimeDB/SpacetimeDB/crates/core/src/client/client_connection.rs[0m[2m:[0m[2m733[0m[2m:[0m websocket connection aborted for client identity `c200bb59d0d9e5ab218f7281941d25e735766d433cb37f062099190e852e925e` and database identity `c2007354cbec693eeb8b0619abe0ba6207975489269c76378eb8240939bcf5a1`
[2m2026-03-01T04:49:34.830398Z[0m [34mDEBUG[0m [2m/Users/runner/work/SpacetimeDB/SpacetimeDB/crates/client-api/src/routes/subscribe.rs[0m[2m:[0m[2m231[0m[2m:[0m websocket: New client connected from unknown ip with Identity c200bb59d0d9e5ab218f7281941d25e735766d433cb37f062099190e852e925e and ConnectionId 437153633904e0772f436d4b25cf640b
[2m2026-03-01T04:49:34.849589Z[0m [34mDEBUG[0m [2m/Users/runner/work/SpacetimeDB/SpacetimeDB/crates/client-api/src/routes/subscribe.rs[0m[2m:[0m[2m241[0m[2m:[0m websocket: client_connected returned Ok for unknown ip with Identity c200bb59d0d9e5ab218f7281941d25e735766d433cb37f062099190e852e925e and ConnectionId 437153633904e0772f436d4b25cf640b
[2m2026-03-01T04:49:34.849635Z[0m [34mDEBUG[0m [2m/Users/runner/work/SpacetimeDB/SpacetimeDB/crates/client-api/src/routes/subscribe.rs[0m[2m:[0m[2m256[0m[2m:[0m websocket: Database accepted connection from unknown ip with Identity c200bb59d0d9e5ab218f7281941d25e735766d433cb37f062099190e852e925e and ConnectionId 437153633904e0772f436d4b25cf640b; spawning ws_client_actor and ClientConnection
[2m2026-03-01T04:50:35.546517Z[0m [32m INFO[0m [2m/Users/runner/work/SpacetimeDB/SpacetimeDB/crates/client-api/src/routes/subscribe.rs[0m[2m:[0m[2m497[0m[2m:[0m Client connection ended: ClientActorId(c200bb59d0d9e5ab218f7281941d25e735766d433cb37f062099190e852e925e@437153633904e0772f436d4b25cf640b/7)
[2m2026-03-01T04:50:35.551554Z[0m [33m WARN[0m [2m/Users/runner/work/SpacetimeDB/SpacetimeDB/crates/core/src/client/client_connection.rs[0m[2m:[0m[2m733[0m[2m:[0m websocket connection aborted for client identity `c200bb59d0d9e5ab218f7281941d25e735766d433cb37f062099190e852e925e` and database identity `c2007354cbec693eeb8b0619abe0ba6207975489269c76378eb8240939bcf5a1`
[2m2026-03-01T04:50:35.642601Z[0m [34mDEBUG[0m [2m/Users/runner/work/SpacetimeDB/SpacetimeDB/crates/client-api/src/routes/subscribe.rs[0m[2m:[0m[2m231[0m[2m:[0m websocket: New client connected from unknown ip with Identity c200bb59d0d9e5ab218f7281941d25e735766d433cb37f062099190e852e925e and ConnectionId c9482022ad3d62c02037c95ed9835420
[2m2026-03-01T04:50:35.643580Z[0m [34mDEBUG[0m [2m/Users/runner/work/SpacetimeDB/SpacetimeDB/crates/client-api/src/routes/subscribe.rs[0m[2m:[0m[2m241[0m[2m:[0m websocket: client_connected returned Ok for unknown ip with Identity c200bb59d0d9e5ab218f7281941d25e735766d433cb37f062099190e852e925e and ConnectionId c9482022ad3d62c02037c95ed9835420
[2m2026-03-01T04:50:35.643611Z[0m [34mDEBUG[0m [2m/Users/runner/work/SpacetimeDB/SpacetimeDB/crates/client-api/src/routes/subscribe.rs[0m[2m:[0m[2m256[0m[2m:[0m websocket: Database accepted connection from unknown ip with Identity c200bb59d0d9e5ab218f7281941d25e735766d433cb37f062099190e852e925e and ConnectionId c9482022ad3d62c02037c95ed9835420; spawning ws_client_actor and ClientConnection
[2m2026-03-01T04:54:04.209492Z[0m [32m INFO[0m [2m/Users/runner/work/SpacetimeDB/SpacetimeDB/crates/client-api/src/routes/subscribe.rs[0m[2m:[0m[2m497[0m[2m:[0m Client connection ended: ClientActorId(c200bb59d0d9e5ab218f7281941d25e735766d433cb37f062099190e852e925e@c9482022ad3d62c02037c95ed9835420/8)
[2m2026-03-01T04:54:04.232336Z[0m [33m WARN[0m [2m/Users/runner/work/SpacetimeDB/SpacetimeDB/crates/core/src/client/client_connection.rs[0m[2m:[0m[2m733[0m[2m:[0m websocket connection aborted for client identity `c200bb59d0d9e5ab218f7281941d25e735766d433cb37f062099190e852e925e` and database identity `c2007354cbec693eeb8b0619abe0ba6207975489269c76378eb8240939bcf5a1`
[2m2026-03-01T04:54:04.509608Z[0m [34mDEBUG[0m [2m/Users/runner/work/SpacetimeDB/SpacetimeDB/crates/client-api/src/routes/subscribe.rs[0m[2m:[0m[2m231[0m[2m:[0m websocket: New client connected from unknown ip with Identity c200bb59d0d9e5ab218f7281941d25e735766d433cb37f062099190e852e925e and ConnectionId b3094d4fd13210851f6bc2461cdf0637
[2m2026-03-01T04:54:04.744788Z[0m [34mDEBUG[0m [2m/Users/runner/work/SpacetimeDB/SpacetimeDB/crates/client-api/src/routes/subscribe.rs[0m[2m:[0m[2m241[0m[2m:[0m websocket: client_connected returned Ok for unknown ip with Identity c200bb59d0d9e5ab218f7281941d25e735766d433cb37f062099190e852e925e and ConnectionId b3094d4fd13210851f6bc2461cdf0637
[2m2026-03-01T04:54:04.745424Z[0m [34mDEBUG[0m [2m/Users/runner/work/SpacetimeDB/SpacetimeDB/crates/client-api/src/routes/subscribe.rs[0m[2m:[0m[2m256[0m[2m:[0m websocket: Database accepted connection from unknown ip with Identity c200bb59d0d9e5ab218f7281941d25e735766d433cb37f062099190e852e925e and ConnectionId b3094d4fd13210851f6bc2461cdf0637; spawning ws_client_actor and ClientConnection
[2m2026-03-01T04:54:24.328268Z[0m [32m INFO[0m [2m/Users/runner/work/SpacetimeDB/SpacetimeDB/crates/client-api/src/routes/subscribe.rs[0m[2m:[0m[2m497[0m[2m:[0m Client connection ended: ClientActorId(c200bb59d0d9e5ab218f7281941d25e735766d433cb37f062099190e852e925e@b3094d4fd13210851f6bc2461cdf0637/9)
[2m2026-03-01T04:54:24.330643Z[0m [33m WARN[0m [2m/Users/runner/work/SpacetimeDB/SpacetimeDB/crates/core/src/client/client_connection.rs[0m[2m:[0m[2m733[0m[2m:[0m websocket connection aborted for client identity `c200bb59d0d9e5ab218f7281941d25e735766d433cb37f062099190e852e925e` and database identity `c2007354cbec693eeb8b0619abe0ba6207975489269c76378eb8240939bcf5a1`
[2m2026-03-01T04:54:24.507575Z[0m [34mDEBUG[0m [2m/Users/runner/work/SpacetimeDB/SpacetimeDB/crates/client-api/src/routes/subscribe.rs[0m[2m:[0m[2m231[0m[2m:[0m websocket: New client connected from unknown ip with Identity c200bb59d0d9e5ab218f7281941d25e735766d433cb37f062099190e852e925e and ConnectionId 60c7e31ee2652691538128d5925b5702
[2m2026-03-01T04:54:24.510101Z[0m [34mDEBUG[0m [2m/Users/runner/work/SpacetimeDB/SpacetimeDB/crates/client-api/src/routes/subscribe.rs[0m[2m:[0m[2m241[0m[2m:[0m websocket: client_connected returned Ok for unknown ip with Identity c200bb59d0d9e5ab218f7281941d25e735766d433cb37f062099190e852e925e and ConnectionId 60c7e31ee2652691538128d5925b5702
[2m2026-03-01T04:54:24.510580Z[0m [34mDEBUG[0m [2m/Users/runner/work/SpacetimeDB/SpacetimeDB/crates/client-api/src/routes/subscribe.rs[0m[2m:[0m[2m256[0m[2m:[0m websocket: Database accepted connection from unknown ip with Identity c200bb59d0d9e5ab218f7281941d25e735766d433cb37f062099190e852e925e and ConnectionId 60c7e31ee2652691538128d5925b5702; spawning ws_client_actor and ClientConnection
[2m2026-03-01T04:57:46.663801Z[0m [34mDEBUG[0m [2m/Users/runner/work/SpacetimeDB/SpacetimeDB/crates/client-api/src/routes/subscribe.rs[0m[2m:[0m[2m231[0m[2m:[0m websocket: New client connected from unknown ip with Identity c200c670218ded5b5887eab6c7097beae3021e62c3aadbb0216d31e190bd72e9 and ConnectionId dd46780e2a78ad70a12a80bfa5db5170
[2m2026-03-01T04:57:46.666798Z[0m [34mDEBUG[0m [2m/Users/runner/work/SpacetimeDB/SpacetimeDB/crates/client-api/src/routes/subscribe.rs[0m[2m:[0m[2m241[0m[2m:[0m websocket: client_connected returned Ok for unknown ip with Identity c200c670218ded5b5887eab6c7097beae3021e62c3aadbb0216d31e190bd72e9 and ConnectionId dd46780e2a78ad70a12a80bfa5db5170
[2m2026-03-01T04:57:46.666819Z[0m [34mDEBUG[0m [2m/Users/runner/work/SpacetimeDB/SpacetimeDB/crates/client-api/src/routes/subscribe.rs[0m[2m:[0m[2m256[0m[2m:[0m websocket: Database accepted connection from unknown ip with Identity c200c670218ded5b5887eab6c7097beae3021e62c3aadbb0216d31e190bd72e9 and ConnectionId dd46780e2a78ad70a12a80bfa5db5170; spawning ws_client_actor and ClientConnection
[2m2026-03-01T04:57:50.867100Z[0m [32m INFO[0m [2m/Users/runner/work/SpacetimeDB/SpacetimeDB/crates/client-api/src/routes/subscribe.rs[0m[2m:[0m[2m497[0m[2m:[0m Client connection ended: ClientActorId(c200c670218ded5b5887eab6c7097beae3021e62c3aadbb0216d31e190bd72e9@dd46780e2a78ad70a12a80bfa5db5170/11)
[2m2026-03-01T04:57:50.880897Z[0m [33m WARN[0m [2m/Users/runner/work/SpacetimeDB/SpacetimeDB/crates/core/src/client/client_connection.rs[0m[2m:[0m[2m733[0m[2m:[0m websocket connection aborted for client identity `c200c670218ded5b5887eab6c7097beae3021e62c3aadbb0216d31e190bd72e9` and database identity `c2007354cbec693eeb8b0619abe0ba6207975489269c76378eb8240939bcf5a1`
[2m2026-03-01T04:58:37.793875Z[0m [34mDEBUG[0m [2m/Users/runner/work/SpacetimeDB/SpacetimeDB/crates/client-api/src/routes/subscribe.rs[0m[2m:[0m[2m231[0m[2m:[0m websocket: New client connected from unknown ip with Identity c200b7d0b324a2c08f28ce9e437b79a02f94f7f34209e4b0128f66cc6942c180 and ConnectionId 1e4422e30078dc927826e23547e8bfe2
[2m2026-03-01T04:58:37.810580Z[0m [34mDEBUG[0m [2m/Users/runner/work/SpacetimeDB/SpacetimeDB/crates/client-api/src/routes/subscribe.rs[0m[2m:[0m[2m241[0m[2m:[0m websocket: client_connected returned Ok for unknown ip with Identity c200b7d0b324a2c08f28ce9e437b79a02f94f7f34209e4b0128f66cc6942c180 and ConnectionId 1e4422e30078dc927826e23547e8bfe2
[2m2026-03-01T04:58:37.810716Z[0m [34mDEBUG[0m [2m/Users/runner/work/SpacetimeDB/SpacetimeDB/crates/client-api/src/routes/subscribe.rs[0m[2m:[0m[2m256[0m[2m:[0m websocket: Database accepted connection from unknown ip with Identity c200b7d0b324a2c08f28ce9e437b79a02f94f7f34209e4b0128f66cc6942c180 and ConnectionId 1e4422e30078dc927826e23547e8bfe2; spawning ws_client_actor and ClientConnection
[2m2026-03-01T04:58:41.642047Z[0m [32m INFO[0m [2mcrates/core/src/db/relational_db.rs[0m[2m:[0m[2m1081[0m[2m:[0m running view cleanup for database c2007354cbec693eeb8b0619abe0ba6207975489269c76378eb8240939bcf5a1
[2m2026-03-01T04:58:41.642858Z[0m [32m INFO[0m [2mcrates/core/src/db/relational_db.rs[0m[2m:[0m[2m1089[0m[2m:[0m pausing view cleanup for database c2007354cbec693eeb8b0619abe0ba6207975489269c76378eb8240939bcf5a1
[2m2026-03-01T04:58:44.725307Z[0m [32m INFO[0m [2m/Users/runner/work/SpacetimeDB/SpacetimeDB/crates/client-api/src/routes/subscribe.rs[0m[2m:[0m[2m497[0m[2m:[0m Client connection ended: ClientActorId(c200b7d0b324a2c08f28ce9e437b79a02f94f7f34209e4b0128f66cc6942c180@1e4422e30078dc927826e23547e8bfe2/12)
[2m2026-03-01T04:58:44.826839Z[0m [33m WARN[0m [2m/Users/runner/work/SpacetimeDB/SpacetimeDB/crates/core/src/client/client_connection.rs[0m[2m:[0m[2m733[0m[2m:[0m websocket connection aborted for client identity `c200b7d0b324a2c08f28ce9e437b79a02f94f7f34209e4b0128f66cc6942c180` and database identity `c2007354cbec693eeb8b0619abe0ba6207975489269c76378eb8240939bcf5a1`
[2m2026-03-01T05:01:43.267485Z[0m [32m INFO[0m [2m/Users/runner/work/SpacetimeDB/SpacetimeDB/crates/client-api/src/routes/subscribe.rs[0m[2m:[0m[2m497[0m[2m:[0m Client connection ended: ClientActorId(c200bb59d0d9e5ab218f7281941d25e735766d433cb37f062099190e852e925e@60c7e31ee2652691538128d5925b5702/10)
[2m2026-03-01T05:01:43.377627Z[0m [33m WARN[0m [2m/Users/runner/work/SpacetimeDB/SpacetimeDB/crates/core/src/client/client_connection.rs[0m[2m:[0m[2m733[0m[2m:[0m websocket connection aborted for client identity `c200bb59d0d9e5ab218f7281941d25e735766d433cb37f062099190e852e925e` and database identity `c2007354cbec693eeb8b0619abe0ba6207975489269c76378eb8240939bcf5a1`
[2m2026-03-01T05:03:04.677307Z[0m [34mDEBUG[0m [2m/Users/runner/work/SpacetimeDB/SpacetimeDB/crates/client-api/src/routes/subscribe.rs[0m[2m:[0m[2m231[0m[2m:[0m websocket: New client connected from unknown ip with Identity c200bb59d0d9e5ab218f7281941d25e735766d433cb37f062099190e852e925e and ConnectionId c305b9b08816633d0143d22e77cccf1f
[2m2026-03-01T05:03:04.681019Z[0m [34mDEBUG[0m [2m/Users/runner/work/SpacetimeDB/SpacetimeDB/crates/client-api/src/routes/subscribe.rs[0m[2m:[0m[2m241[0m[2m:[0m websocket: client_connected returned Ok for unknown ip with Identity c200bb59d0d9e5ab218f7281941d25e735766d433cb37f062099190e852e925e and ConnectionId c305b9b08816633d0143d22e77cccf1f
[2m2026-03-01T05:03:04.681047Z[0m [34mDEBUG[0m [2m/Users/runner/work/SpacetimeDB/SpacetimeDB/crates/client-api/src/routes/subscribe.rs[0m[2m:[0m[2m256[0m[2m:[0m websocket: Database accepted connection from unknown ip with Identity c200bb59d0d9e5ab218f7281941d25e735766d433cb37f062099190e852e925e and ConnectionId c305b9b08816633d0143d22e77cccf1f; spawning ws_client_actor and ClientConnection
[2m2026-03-01T05:03:05.157390Z[0m [32m INFO[0m [2m/Users/runner/work/SpacetimeDB/SpacetimeDB/crates/client-api/src/routes/subscribe.rs[0m[2m:[0m[2m497[0m[2m:[0m Client connection ended: ClientActorId(c200bb59d0d9e5ab218f7281941d25e735766d433cb37f062099190e852e925e@c305b9b08816633d0143d22e77cccf1f/13)
[2m2026-03-01T05:03:05.166472Z[0m [33m WARN[0m [2m/Users/runner/work/SpacetimeDB/SpacetimeDB/crates/core/src/client/client_connection.rs[0m[2m:[0m[2m733[0m[2m:[0m websocket connection aborted for client identity `c200bb59d0d9e5ab218f7281941d25e735766d433cb37f062099190e852e925e` and database identity `c2007354cbec693eeb8b0619abe0ba6207975489269c76378eb8240939bcf5a1`
[2m2026-03-01T05:03:05.427893Z[0m [34mDEBUG[0m [2m/Users/runner/work/SpacetimeDB/SpacetimeDB/crates/client-api/src/routes/subscribe.rs[0m[2m:[0m[2m231[0m[2m:[0m websocket: New client connected from unknown ip with Identity c200bb59d0d9e5ab218f7281941d25e735766d433cb37f062099190e852e925e and ConnectionId ac2322596199b8c450fd1524dd78185f
[2m2026-03-01T05:03:05.430273Z[0m [34mDEBUG[0m [2m/Users/runner/work/SpacetimeDB/SpacetimeDB/crates/client-api/src/routes/subscribe.rs[0m[2m:[0m[2m241[0m[2m:[0m websocket: client_connected returned Ok for unknown ip with Identity c200bb59d0d9e5ab218f7281941d25e735766d433cb37f062099190e852e925e and ConnectionId ac2322596199b8c450fd1524dd78185f
[2m2026-03-01T05:03:05.430287Z[0m [34mDEBUG[0m [2m/Users/runner/work/SpacetimeDB/SpacetimeDB/crates/client-api/src/routes/subscribe.rs[0m[2m:[0m[2m256[0m[2m:[0m websocket: Database accepted connection from unknown ip with Identity c200bb59d0d9e5ab218f7281941d25e735766d433cb37f062099190e852e925e and ConnectionId ac2322596199b8c450fd1524dd78185f; spawning ws_client_actor and ClientConnection
[2m2026-03-01T05:03:24.193790Z[0m [32m INFO[0m [2m/Users/runner/work/SpacetimeDB/SpacetimeDB/crates/client-api/src/routes/subscribe.rs[0m[2m:[0m[2m497[0m[2m:[0m Client connection ended: ClientActorId(c200bb59d0d9e5ab218f7281941d25e735766d433cb37f062099190e852e925e@ac2322596199b8c450fd1524dd78185f/14)
[2m2026-03-01T05:03:24.200168Z[0m [33m WARN[0m [2m/Users/runner/work/SpacetimeDB/SpacetimeDB/crates/core/src/client/client_connection.rs[0m[2m:[0m[2m733[0m[2m:[0m websocket connection aborted for client identity `c200bb59d0d9e5ab218f7281941d25e735766d433cb37f062099190e852e925e` and database identity `c2007354cbec693eeb8b0619abe0ba6207975489269c76378eb8240939bcf5a1`
[2m2026-03-01T05:03:24.422809Z[0m [34mDEBUG[0m [2m/Users/runner/work/SpacetimeDB/SpacetimeDB/crates/client-api/src/routes/subscribe.rs[0m[2m:[0m[2m231[0m[2m:[0m websocket: New client connected from unknown ip with Identity c200bb59d0d9e5ab218f7281941d25e735766d433cb37f062099190e852e925e and ConnectionId 5db0300a452e834129b070fef5ca4b0c
[2m2026-03-01T05:03:24.423552Z[0m [34mDEBUG[0m [2m/Users/runner/work/SpacetimeDB/SpacetimeDB/crates/client-api/src/routes/subscribe.rs[0m[2m:[0m[2m241[0m[2m:[0m websocket: client_connected returned Ok for unknown ip with Identity c200bb59d0d9e5ab218f7281941d25e735766d433cb37f062099190e852e925e and ConnectionId 5db0300a452e834129b070fef5ca4b0c
[2m2026-03-01T05:03:24.423571Z[0m [34mDEBUG[0m [2m/Users/runner/work/SpacetimeDB/SpacetimeDB/crates/client-api/src/routes/subscribe.rs[0m[2m:[0m[2m256[0m[2m:[0m websocket: Database accepted connection from unknown ip with Identity c200bb59d0d9e5ab218f7281941d25e735766d433cb37f062099190e852e925e and ConnectionId 5db0300a452e834129b070fef5ca4b0c; spawning ws_client_actor and ClientConnection
[2m2026-03-01T05:03:25.133233Z[0m [32m INFO[0m [2m/Users/runner/work/SpacetimeDB/SpacetimeDB/crates/client-api/src/routes/subscribe.rs[0m[2m:[0m[2m497[0m[2m:[0m Client connection ended: ClientActorId(c200bb59d0d9e5ab218f7281941d25e735766d433cb37f062099190e852e925e@5db0300a452e834129b070fef5ca4b0c/15)
[2m2026-03-01T05:03:25.134772Z[0m [33m WARN[0m [2m/Users/runner/work/SpacetimeDB/SpacetimeDB/crates/core/src/client/client_connection.rs[0m[2m:[0m[2m733[0m[2m:[0m websocket connection aborted for client identity `c200bb59d0d9e5ab218f7281941d25e735766d433cb37f062099190e852e925e` and database identity `c2007354cbec693eeb8b0619abe0ba6207975489269c76378eb8240939bcf5a1`
[2m2026-03-01T05:03:25.227141Z[0m [34mDEBUG[0m [2m/Users/runner/work/SpacetimeDB/SpacetimeDB/crates/client-api/src/routes/subscribe.rs[0m[2m:[0m[2m231[0m[2m:[0m websocket: New client connected from unknown ip with Identity c200bb59d0d9e5ab218f7281941d25e735766d433cb37f062099190e852e925e and ConnectionId 8e9f28c75780905a81a6edaf5c4356fd
[2m2026-03-01T05:03:25.228370Z[0m [34mDEBUG[0m [2m/Users/runner/work/SpacetimeDB/SpacetimeDB/crates/client-api/src/routes/subscribe.rs[0m[2m:[0m[2m241[0m[2m:[0m websocket: client_connected returned Ok for unknown ip with Identity c200bb59d0d9e5ab218f7281941d25e735766d433cb37f062099190e852e925e and ConnectionId 8e9f28c75780905a81a6edaf5c4356fd
[2m2026-03-01T05:03:25.228461Z[0m [34mDEBUG[0m [2m/Users/runner/work/SpacetimeDB/SpacetimeDB/crates/client-api/src/routes/subscribe.rs[0m[2m:[0m[2m256[0m[2m:[0m websocket: Database accepted connection from unknown ip with Identity c200bb59d0d9e5ab218f7281941d25e735766d433cb37f062099190e852e925e and ConnectionId 8e9f28c75780905a81a6edaf5c4356fd; spawning ws_client_actor and ClientConnection
[2m2026-03-01T05:03:26.131968Z[0m [32m INFO[0m [2m/Users/runner/work/SpacetimeDB/SpacetimeDB/crates/client-api/src/routes/subscribe.rs[0m[2m:[0m[2m497[0m[2m:[0m Client connection ended: ClientActorId(c200bb59d0d9e5ab218f7281941d25e735766d433cb37f062099190e852e925e@8e9f28c75780905a81a6edaf5c4356fd/16)
[2m2026-03-01T05:03:26.321050Z[0m [34mDEBUG[0m [2m/Users/runner/work/SpacetimeDB/SpacetimeDB/crates/client-api/src/routes/subscribe.rs[0m[2m:[0m[2m231[0m[2m:[0m websocket: New client connected from unknown ip with Identity c200bb59d0d9e5ab218f7281941d25e735766d433cb37f062099190e852e925e and ConnectionId 5379bb99ed0d219f90034b14e7583e3c
[2m2026-03-01T05:03:26.343989Z[0m [33m WARN[0m [2m/Users/runner/work/SpacetimeDB/SpacetimeDB/crates/core/src/client/client_connection.rs[0m[2m:[0m[2m733[0m[2m:[0m websocket connection aborted for client identity `c200bb59d0d9e5ab218f7281941d25e735766d433cb37f062099190e852e925e` and database identity `c2007354cbec693eeb8b0619abe0ba6207975489269c76378eb8240939bcf5a1`
[2m2026-03-01T05:03:26.344256Z[0m [34mDEBUG[0m [2m/Users/runner/work/SpacetimeDB/SpacetimeDB/crates/client-api/src/routes/subscribe.rs[0m[2m:[0m[2m241[0m[2m:[0m websocket: client_connected returned Ok for unknown ip with Identity c200bb59d0d9e5ab218f7281941d25e735766d433cb37f062099190e852e925e and ConnectionId 5379bb99ed0d219f90034b14e7583e3c
[2m2026-03-01T05:03:26.344313Z[0m [34mDEBUG[0m [2m/Users/runner/work/SpacetimeDB/SpacetimeDB/crates/client-api/src/routes/subscribe.rs[0m[2m:[0m[2m256[0m[2m:[0m websocket: Database accepted connection from unknown ip with Identity c200bb59d0d9e5ab218f7281941d25e735766d433cb37f062099190e852e925e and ConnectionId 5379bb99ed0d219f90034b14e7583e3c; spawning ws_client_actor and ClientConnection
[2m2026-03-01T05:04:00.107069Z[0m [34mDEBUG[0m [2m/Users/runner/work/SpacetimeDB/SpacetimeDB/crates/client-api/src/routes/subscribe.rs[0m[2m:[0m[2m231[0m[2m:[0m websocket: New client connected from unknown ip with Identity c200ad17c0c3ead9432a838176c49b12c0952d3531f6246bf2217ca5bb836c65 and ConnectionId 1f3dc943d26dc6165b2933dc0c2ad204
[2m2026-03-01T05:04:00.110764Z[0m [34mDEBUG[0m [2m/Users/runner/work/SpacetimeDB/SpacetimeDB/crates/client-api/src/routes/subscribe.rs[0m[2m:[0m[2m241[0m[2m:[0m websocket: client_connected returned Ok for unknown ip with Identity c200ad17c0c3ead9432a838176c49b12c0952d3531f6246bf2217ca5bb836c65 and ConnectionId 1f3dc943d26dc6165b2933dc0c2ad204
[2m2026-03-01T05:04:00.110819Z[0m [34mDEBUG[0m [2m/Users/runner/work/SpacetimeDB/SpacetimeDB/crates/client-api/src/routes/subscribe.rs[0m[2m:[0m[2m256[0m[2m:[0m websocket: Database accepted connection from unknown ip with Identity c200ad17c0c3ead9432a838176c49b12c0952d3531f6246bf2217ca5bb836c65 and ConnectionId 1f3dc943d26dc6165b2933dc0c2ad204; spawning ws_client_actor and ClientConnection
[2m2026-03-01T05:04:09.397677Z[0m [32m INFO[0m [2m/Users/runner/work/SpacetimeDB/SpacetimeDB/crates/client-api/src/routes/subscribe.rs[0m[2m:[0m[2m497[0m[2m:[0m Client connection ended: ClientActorId(c200ad17c0c3ead9432a838176c49b12c0952d3531f6246bf2217ca5bb836c65@1f3dc943d26dc6165b2933dc0c2ad204/18)
[2m2026-03-01T05:04:09.401481Z[0m [33m WARN[0m [2m/Users/runner/work/SpacetimeDB/SpacetimeDB/crates/core/src/client/client_connection.rs[0m[2m:[0m[2m733[0m[2m:[0m websocket connection aborted for client identity `c200ad17c0c3ead9432a838176c49b12c0952d3531f6246bf2217ca5bb836c65` and database identity `c2007354cbec693eeb8b0619abe0ba6207975489269c76378eb8240939bcf5a1`
[2m2026-03-01T05:05:03.475705Z[0m [34mDEBUG[0m [2m/Users/runner/work/SpacetimeDB/SpacetimeDB/crates/client-api/src/routes/subscribe.rs[0m[2m:[0m[2m231[0m[2m:[0m websocket: New client connected from unknown ip with Identity c200b6c65f6685376d606d9719694b05c3ee5194751d9c3fc6f2b77cd54d50c1 and ConnectionId ac7f4cffbd6718540694f6fb5abf3e6e
[2m2026-03-01T05:05:03.476795Z[0m [34mDEBUG[0m [2m/Users/runner/work/SpacetimeDB/SpacetimeDB/crates/client-api/src/routes/subscribe.rs[0m[2m:[0m[2m241[0m[2m:[0m websocket: client_connected returned Ok for unknown ip with Identity c200b6c65f6685376d606d9719694b05c3ee5194751d9c3fc6f2b77cd54d50c1 and ConnectionId ac7f4cffbd6718540694f6fb5abf3e6e
[2m2026-03-01T05:05:03.476817Z[0m [34mDEBUG[0m [2m/Users/runner/work/SpacetimeDB/SpacetimeDB/crates/client-api/src/routes/subscribe.rs[0m[2m:[0m[2m256[0m[2m:[0m websocket: Database accepted connection from unknown ip with Identity c200b6c65f6685376d606d9719694b05c3ee5194751d9c3fc6f2b77cd54d50c1 and ConnectionId ac7f4cffbd6718540694f6fb5abf3e6e; spawning ws_client_actor and ClientConnection
[2m2026-03-01T05:05:12.755946Z[0m [32m INFO[0m [2m/Users/runner/work/SpacetimeDB/SpacetimeDB/crates/client-api/src/routes/subscribe.rs[0m[2m:[0m[2m497[0m[2m:[0m Client connection ended: ClientActorId(c200b6c65f6685376d606d9719694b05c3ee5194751d9c3fc6f2b77cd54d50c1@ac7f4cffbd6718540694f6fb5abf3e6e/19)
[2m2026-03-01T05:05:12.760444Z[0m [33m WARN[0m [2m/Users/runner/work/SpacetimeDB/SpacetimeDB/crates/core/src/client/client_connection.rs[0m[2m:[0m[2m733[0m[2m:[0m websocket connection aborted for client identity `c200b6c65f6685376d606d9719694b05c3ee5194751d9c3fc6f2b77cd54d50c1` and database identity `c2007354cbec693eeb8b0619abe0ba6207975489269c76378eb8240939bcf5a1`
